<?xml version="1.0" encoding="UTF-8"?>
<testng-results ignored="0" total="4" passed="3" failed="1" skipped="0">
  <reporter-output>
  </reporter-output>
  <suite started-at="2024-06-04T11:43:11 EET" name="Default suite" finished-at="2024-06-04T11:43:14 EET" duration-ms="3872">
    <groups>
    </groups>
    <test started-at="2024-06-04T11:43:11 EET" name="Default test" finished-at="2024-06-04T11:43:14 EET" duration-ms="3872">
      <class name="TestCases">
        <test-method is-config="true" signature="Setup()[pri:0, instance:TestCases@10b9db7b]" started-at="2024-06-04T11:43:11 EET" name="Setup" finished-at="2024-06-04T11:43:11 EET" duration-ms="10" status="PASS">
          <reporter-output>
          </reporter-output>
        </test-method> <!-- Setup -->
        <test-method signature="Login()[pri:1, instance:TestCases@10b9db7b]" started-at="2024-06-04T11:43:11 EET" name="Login" finished-at="2024-06-04T11:43:14 EET" duration-ms="3199" status="PASS">
          <reporter-output>
          </reporter-output>
        </test-method> <!-- Login -->
        <test-method signature="testProductTitle()[pri:2, instance:TestCases@10b9db7b]" started-at="2024-06-04T11:43:14 EET" name="testProductTitle" description="A word &#039;Products&#039; should be appear after login" finished-at="2024-06-04T11:43:14 EET" duration-ms="75" status="PASS">
          <reporter-output>
          </reporter-output>
        </test-method> <!-- testProductTitle -->
        <test-method signature="testPriceFilter()[pri:3, instance:TestCases@10b9db7b]" started-at="2024-06-04T11:43:14 EET" name="testPriceFilter" description="The system should sort the products from lowest to highest price" finished-at="2024-06-04T11:43:14 EET" duration-ms="349" status="PASS">
          <reporter-output>
          </reporter-output>
        </test-method> <!-- testPriceFilter -->
        <test-method signature="testLowestPriceFilter()[pri:4, instance:TestCases@10b9db7b]" started-at="2024-06-04T11:43:14 EET" name="testLowestPriceFilter" description="Verify that the system sort the products from lowest to highest" finished-at="2024-06-04T11:43:14 EET" duration-ms="190" status="FAIL">
          <exception class="java.lang.AssertionError">
            <message>
              <![CDATA[The First Price is not the lowest price expected [false] but found [true]]]>
            </message>
            <full-stacktrace>
              <![CDATA[java.lang.AssertionError: The First Price is not the lowest price expected [false] but found [true]
at org.testng.Assert.fail(Assert.java:99)
at org.testng.Assert.failNotEquals(Assert.java:1037)
at org.testng.Assert.assertEqualsImpl(Assert.java:140)
at org.testng.Assert.assertEquals(Assert.java:122)
at org.testng.Assert.assertEquals(Assert.java:819)
at TestCases.testLowestPriceFilter(TestCases.java:80)
at java.base/jdk.internal.reflect.NativeMethodAccessorImpl.invoke0(Native Method)
at java.base/jdk.internal.reflect.NativeMethodAccessorImpl.invoke(NativeMethodAccessorImpl.java:77)
at java.base/jdk.internal.reflect.DelegatingMethodAccessorImpl.invoke(DelegatingMethodAccessorImpl.java:43)
at java.base/java.lang.reflect.Method.invoke(Method.java:568)
at org.testng.internal.MethodInvocationHelper.invokeMethod(MethodInvocationHelper.java:133)
at org.testng.internal.TestInvoker.invokeMethod(TestInvoker.java:598)
at org.testng.internal.TestInvoker.invokeTestMethod(TestInvoker.java:173)
at org.testng.internal.MethodRunner.runInSequence(MethodRunner.java:46)
at org.testng.internal.TestInvoker$MethodInvocationAgent.invoke(TestInvoker.java:824)
at org.testng.internal.TestInvoker.invokeTestMethods(TestInvoker.java:146)
at org.testng.internal.TestMethodWorker.invokeTestMethods(TestMethodWorker.java:146)
at org.testng.internal.TestMethodWorker.run(TestMethodWorker.java:128)
at java.base/java.util.ArrayList.forEach(ArrayList.java:1511)
at org.testng.TestRunner.privateRun(TestRunner.java:794)
at org.testng.TestRunner.run(TestRunner.java:596)
at org.testng.SuiteRunner.runTest(SuiteRunner.java:377)
at org.testng.SuiteRunner.runSequentially(SuiteRunner.java:371)
at org.testng.SuiteRunner.privateRun(SuiteRunner.java:332)
at org.testng.SuiteRunner.run(SuiteRunner.java:276)
at org.testng.SuiteRunnerWorker.runSuite(SuiteRunnerWorker.java:53)
at org.testng.SuiteRunnerWorker.run(SuiteRunnerWorker.java:96)
at org.testng.TestNG.runSuitesSequentially(TestNG.java:1212)
at org.testng.TestNG.runSuitesLocally(TestNG.java:1134)
at org.testng.TestNG.runSuites(TestNG.java:1063)
at org.testng.TestNG.run(TestNG.java:1031)
at org.testng.remote.AbstractRemoteTestNG.run(AbstractRemoteTestNG.java:115)
at org.testng.remote.RemoteTestNG.initAndRun(RemoteTestNG.java:293)
at org.testng.remote.RemoteTestNG.main(RemoteTestNG.java:91)
]]>
            </full-stacktrace>
          </exception> <!-- java.lang.AssertionError -->
          <reporter-output>
          </reporter-output>
        </test-method> <!-- testLowestPriceFilter -->
      </class> <!-- TestCases -->
    </test> <!-- Default test -->
  </suite> <!-- Default suite -->
</testng-results>
